#
# A fatal error has been detected by the Java Runtime Environment:
#
#  EXCEPTION_ACCESS_VIOLATION (0xc0000005) at pc=0x00000000681f8ad5, pid=600, tid=7892
#
# JRE version: Java(TM) SE Runtime Environment (8.0_73-b02) (build 1.8.0_73-b02)
# Java VM: Java HotSpot(TM) 64-Bit Server VM (25.73-b02 mixed mode windows-amd64 compressed oops)
# Problematic frame:
# V  [jvm.dll+0x128ad5]
#
# Failed to write core dump. Minidumps are not enabled by default on client versions of Windows
#
# If you would like to submit a bug report, please visit:
#   http://bugreport.java.com/bugreport/crash.jsp
#

---------------  T H R E A D  ---------------

Current thread (0x00000000181be000):  JavaThread "JDWP Transport Listener: dt_socket" daemon [_thread_in_vm, id=7892, stack(0x0000000018790000,0x0000000018890000)]

siginfo: ExceptionCode=0xc0000005, reading address 0xffffffffffffffff

Registers:
RAX=0x000000001888f301, RBX=0x00000000181be000, RCX=0x003b003b003b6b63, RDX=0x0000000000000000
RSP=0x000000001888f330, RBP=0x003b003b003b6b63, RSI=0x000000001888f448, RDI=0x00000000022e9010
R8 =0x00000000181be000, R9 =0x0000000000000000, R10=0x0000000000000000, R11=0x0000000000000064
R12=0x0000000000000000, R13=0x00000000181bef78, R14=0x0000000000000000, R15=0x0000000000000000
RIP=0x00000000681f8ad5, EFLAGS=0x0000000000010206

Top of Stack: (sp=0x000000001888f330)
0x000000001888f330:   00000000181be000 00000000181be000
0x000000001888f340:   000000001888f3f8 00000000683fe34b
0x000000001888f350:   00000000181be000 000000006841abad
0x000000001888f360:   0000000000000000 0000000068069155
0x000000001888f370:   00000000181e0628 000000006807291e
0x000000001888f380:   00000000181be000 0000000000000000
0x000000001888f390:   0000000000000000 0000000000000000
0x000000001888f3a0:   003b003b003b6b63 0000000068071a15
0x000000001888f3b0:   000000001888f448 000000001888f420
0x000000001888f3c0:   0000000000000001 00000000181e0628
0x000000001888f3d0:   003b003b003b6b63 00000000680553b3
0x000000001888f3e0:   000000001888f510 0000000000000001
0x000000001888f3f0:   0000000000000001 00000000181e0628
0x000000001888f400:   000000000000000a 0000000000000000
0x000000001888f410:   0000000000000000 0000000000000000
0x000000001888f420:   0000000000000001 0000000068055571 

Instructions: (pc=0x00000000681f8ad5)
0x00000000681f8ab5:   cc cc cc cc cc cc cc cc cc cc cc 48 83 ec 28 48
0x00000000681f8ac5:   85 c9 75 07 33 c0 48 83 c4 28 c3 48 89 5c 24 20
0x00000000681f8ad5:   48 8b 19 48 85 db 74 20 48 83 fb 37 74 1a 48 8b
0x00000000681f8ae5:   13 48 8b cb ff 52 10 84 c0 74 0d 48 8b c3 48 8b 


Register to memory mapping:

RAX=0x000000001888f301 is pointing into the stack for thread: 0x00000000181be000
RBX=0x00000000181be000 is a thread
RCX=0x003b003b003b6b63 is an unknown value
RDX=0x0000000000000000 is an unknown value
RSP=0x000000001888f330 is pointing into the stack for thread: 0x00000000181be000
RBP=0x003b003b003b6b63 is an unknown value
RSI=0x000000001888f448 is pointing into the stack for thread: 0x00000000181be000
RDI=0x00000000022e9010 is an unknown value
R8 =0x00000000181be000 is a thread
R9 =0x0000000000000000 is an unknown value
R10=0x0000000000000000 is an unknown value
R11=0x0000000000000064 is an unknown value
R12=0x0000000000000000 is an unknown value
R13=0x00000000181bef78 is an unknown value
R14=0x0000000000000000 is an unknown value
R15=0x0000000000000000 is an unknown value


Stack: [0x0000000018790000,0x0000000018890000],  sp=0x000000001888f330,  free space=1020k
Native frames: (J=compiled Java code, j=interpreted, Vv=VM code, C=native code)
V  [jvm.dll+0x128ad5]
V  [jvm.dll+0x34abad]
C  [jdwp.dll+0x21a15]
C  [jdwp.dll+0x53b3]
C  [jdwp.dll+0x5571]
C  [jdwp.dll+0xf0a8]
C  [jdwp.dll+0x1f2d5]
C  [jdwp.dll+0x1f4aa]
V  [jvm.dll+0x1bbb58]
V  [jvm.dll+0x243234]
V  [jvm.dll+0x29a10a]
C  [msvcr100.dll+0x21d9f]
C  [msvcr100.dll+0x21e3b]
C  [KERNEL32.DLL+0x18102]
C  [ntdll.dll+0x5c574]


---------------  P R O C E S S  ---------------

Java Threads: ( => current thread )
  0x0000000018287800 JavaThread "Service Thread" daemon [_thread_blocked, id=7644, stack(0x0000000019220000,0x0000000019320000)]
  0x00000000181e9000 JavaThread "C1 CompilerThread3" daemon [_thread_blocked, id=3984, stack(0x0000000019120000,0x0000000019220000)]
  0x00000000181e8000 JavaThread "C2 CompilerThread2" daemon [_thread_blocked, id=5212, stack(0x0000000019020000,0x0000000019120000)]
  0x00000000181e7800 JavaThread "C2 CompilerThread1" daemon [_thread_blocked, id=5348, stack(0x0000000018f20000,0x0000000019020000)]
  0x00000000181dd000 JavaThread "C2 CompilerThread0" daemon [_thread_blocked, id=7136, stack(0x0000000018e20000,0x0000000018f20000)]
  0x00000000181d0800 JavaThread "JDWP Command Reader" daemon [_thread_in_native, id=5396, stack(0x0000000018d20000,0x0000000018e20000)]
  0x00000000181cd800 JavaThread "JDWP Event Helper Thread" daemon [_thread_blocked, id=7940, stack(0x0000000018c20000,0x0000000018d20000)]
=>0x00000000181be000 JavaThread "JDWP Transport Listener: dt_socket" daemon [_thread_in_vm, id=7892, stack(0x0000000018790000,0x0000000018890000)]
  0x00000000181b6800 JavaThread "Attach Listener" daemon [_thread_blocked, id=2784, stack(0x0000000018690000,0x0000000018790000)]
  0x00000000181b5800 JavaThread "Signal Dispatcher" daemon [_thread_blocked, id=6600, stack(0x0000000018590000,0x0000000018690000)]
  0x00000000023e9000 JavaThread "Finalizer" daemon [_thread_blocked, id=1100, stack(0x0000000017fa0000,0x00000000180a0000)]
  0x00000000023e2800 JavaThread "Reference Handler" daemon [_thread_blocked, id=7936, stack(0x0000000017ea0000,0x0000000017fa0000)]
  0x00000000022f2800 JavaThread "main" [_thread_blocked, id=5072, stack(0x0000000002170000,0x0000000002270000)]

Other Threads:
  0x00000000160ca000 VMThread [stack: 0x0000000017da0000,0x0000000017ea0000] [id=5812]
  0x000000001822f000 WatcherThread [stack: 0x0000000019320000,0x0000000019420000] [id=2184]

VM state:not at safepoint (normal execution)

VM Mutex/Monitor currently owned by a thread: None

Heap:
 PSYoungGen      total 28672K, used 2465K [0x00000000e0900000, 0x00000000e2900000, 0x0000000100000000)
  eden space 24576K, 10% used [0x00000000e0900000,0x00000000e0b68750,0x00000000e2100000)
  from space 4096K, 0% used [0x00000000e2500000,0x00000000e2500000,0x00000000e2900000)
  to   space 4096K, 0% used [0x00000000e2100000,0x00000000e2100000,0x00000000e2500000)
 ParOldGen       total 65536K, used 0K [0x00000000a1a00000, 0x00000000a5a00000, 0x00000000e0900000)
  object space 65536K, 0% used [0x00000000a1a00000,0x00000000a1a00000,0x00000000a5a00000)
 Metaspace       used 3117K, capacity 4688K, committed 4864K, reserved 1056768K
  class space    used 338K, capacity 428K, committed 512K, reserved 1048576K

Card table byte_map: [0x00000000117b0000,0x0000000011ab0000] byte_map_base: 0x00000000112a3000

Marking Bits: (ParMarkBitMap*) 0x00000000688e0600
 Begin Bits: [0x00000000124b0000, 0x0000000013c48000)
 End Bits:   [0x0000000013c48000, 0x00000000153e0000)

Polling page: 0x0000000000560000

CodeCache: size=245760Kb used=1129Kb max_used=1140Kb free=244630Kb
 bounds [0x00000000023f0000, 0x0000000002660000, 0x00000000113f0000]
 total_blobs=276 nmethods=49 adapters=149
 compilation: enabled

Compilation events (10 events):
Event: 0.142 Thread 0x00000000181e9000   45       3       java.util.HashMap::hash (20 bytes)
Event: 0.142 Thread 0x00000000181e9000 nmethod 45 0x00000000025091d0 code [0x0000000002509340, 0x00000000025095a8]
Event: 0.142 Thread 0x00000000181e8000   46       4       sun.reflect.ClassFileAssembler::emitByte (11 bytes)
Event: 0.142 Thread 0x00000000181e7800   48       4       sun.reflect.ByteVectorImpl::add (38 bytes)
Event: 0.142 Thread 0x00000000181e9000   47       3       sun.reflect.ByteVectorImpl::get (26 bytes)
Event: 0.142 Thread 0x00000000181e9000 nmethod 47 0x0000000002509650 code [0x00000000025097c0, 0x00000000025099c8]
Event: 0.143 Thread 0x00000000181e9000   49       1       java.lang.ref.Reference::get (5 bytes)
Event: 0.144 Thread 0x00000000181e9000 nmethod 49 0x000000000250c850 code [0x000000000250c9a0, 0x000000000250cab0]
Event: 0.144 Thread 0x00000000181e7800 nmethod 48 0x000000000250cb10 code [0x000000000250cc60, 0x000000000250cda8]
Event: 0.144 Thread 0x00000000181e8000 nmethod 46 0x000000000250ae10 code [0x000000000250af60, 0x000000000250b168]

GC Heap History (0 events):
No events

Deoptimization events (0 events):
No events

Internal exceptions (2 events):
Event: 0.036 Thread 0x00000000022f2800 Exception <a 'java/lang/NoSuchMethodError': Method sun.misc.Unsafe.defineClass(Ljava/lang/String;[BII)Ljava/lang/Class; name or signature does not match> (0x00000000e09130e8) thrown at [D:\re\puppet\workspace\8-2-build-windows-amd64-cygwin\jdk8u73\6086\hot¿œÛÃ~°¢?
Event: 0.036 Thread 0x00000000022f2800 Exception <a 'java/lang/NoSuchMethodError': Method sun.misc.Unsafe.prefetchRead(Ljava/lang/Object;J)V name or signature does not match> (0x00000000e09133d0) thrown at [D:\re\puppet\workspace\8-2-build-windows-amd64-cygwin\jdk8u73\6086\hotspot\src\share\vm\

Events (10 events):
Event: 815.436 Executing VM operation: ChangeBreakpoints
Event: 815.436 Executing VM operation: ChangeBreakpoints done
Event: 817.070 Executing VM operation: ChangeBreakpoints
Event: 817.070 Executing VM operation: ChangeBreakpoints done
Event: 844.404 Executing VM operation: RedefineClasses
Event: 844.404 Executing VM operation: RedefineClasses done
Event: 1848.129 Executing VM operation: RedefineClasses
Event: 1848.129 Executing VM operation: RedefineClasses done
Event: 3266.414 Executing VM operation: RedefineClasses
Event: 3266.414 Executing VM operation: RedefineClasses done


Dynamic libraries:
0x00007ff6b1e40000 - 0x00007ff6b1e77000 	C:\javaee\Java\jdk1.8.0_73\bin\javaw.exe
0x00007ff827a50000 - 0x00007ff827c11000 	C:\Windows\SYSTEM32\ntdll.dll
0x00007ff826d80000 - 0x00007ff826e2d000 	C:\Windows\system32\KERNEL32.DLL
0x00007ff824c40000 - 0x00007ff824e28000 	C:\Windows\system32\KERNELBASE.dll
0x00007ff827250000 - 0x00007ff8272f7000 	C:\Windows\system32\ADVAPI32.dll
0x00007ff826ce0000 - 0x00007ff826d7d000 	C:\Windows\system32\msvcrt.dll
0x00007ff825020000 - 0x00007ff82507b000 	C:\Windows\system32\sechost.dll
0x00007ff826a40000 - 0x00007ff826b5c000 	C:\Windows\system32\RPCRT4.dll
0x00007ff827300000 - 0x00007ff827456000 	C:\Windows\system32\USER32.dll
0x00007ff825350000 - 0x00007ff8254d6000 	C:\Windows\system32\GDI32.dll
0x00007ff814c30000 - 0x00007ff814ea4000 	C:\Windows\WinSxS\amd64_microsoft.windows.common-controls_6595b64144ccf1df_6.0.10586.0_none_8c15ae12515e1c22\COMCTL32.dll
0x00007ff826e40000 - 0x00007ff8270bd000 	C:\Windows\system32\combase.dll
0x00007ff824160000 - 0x00007ff8241ca000 	C:\Windows\system32\bcryptPrimitives.dll
0x00007ff827130000 - 0x00007ff82716b000 	C:\Windows\system32\IMM32.DLL
0x0000000068960000 - 0x0000000068a32000 	C:\javaee\Java\jdk1.8.0_73\jre\bin\msvcr100.dll
0x00000000680d0000 - 0x0000000068960000 	C:\javaee\Java\jdk1.8.0_73\jre\bin\server\jvm.dll
0x00007ff827240000 - 0x00007ff827248000 	C:\Windows\system32\PSAPI.DLL
0x00007ff81ad60000 - 0x00007ff81ad69000 	C:\Windows\SYSTEM32\WSOCK32.dll
0x00007ff81d690000 - 0x00007ff81d69a000 	C:\Windows\SYSTEM32\VERSION.dll
0x00007ff8222f0000 - 0x00007ff822313000 	C:\Windows\SYSTEM32\WINMM.dll
0x00007ff8271d0000 - 0x00007ff82723b000 	C:\Windows\system32\WS2_32.dll
0x00000000009a0000 - 0x00000000009cc000 	C:\Windows\SYSTEM32\WINMMBASE.dll
0x00007ff824280000 - 0x00007ff8242c3000 	C:\Windows\system32\cfgmgr32.dll
0x00000000680c0000 - 0x00000000680cf000 	C:\javaee\Java\jdk1.8.0_73\jre\bin\verify.dll
0x0000000068090000 - 0x00000000680b9000 	C:\javaee\Java\jdk1.8.0_73\jre\bin\java.dll
0x0000000068050000 - 0x0000000068085000 	C:\javaee\Java\jdk1.8.0_73\jre\bin\jdwp.dll
0x0000000068040000 - 0x0000000068048000 	C:\javaee\Java\jdk1.8.0_73\jre\bin\npt.dll
0x0000000068020000 - 0x0000000068036000 	C:\javaee\Java\jdk1.8.0_73\jre\bin\zip.dll
0x00007ff8254e0000 - 0x00007ff826a3c000 	C:\Windows\system32\SHELL32.dll
0x00007ff8245f0000 - 0x00007ff824c35000 	C:\Windows\system32\windows.storage.dll
0x00007ff827170000 - 0x00007ff8271c2000 	C:\Windows\system32\shlwapi.dll
0x00007ff824070000 - 0x00007ff82407f000 	C:\Windows\system32\kernel.appcore.dll
0x00007ff8242d0000 - 0x00007ff824385000 	C:\Windows\system32\shcore.dll
0x00007ff8240b0000 - 0x00007ff8240fb000 	C:\Windows\system32\powrprof.dll
0x00007ff824090000 - 0x00007ff8240a4000 	C:\Windows\system32\profapi.dll
0x0000000068010000 - 0x0000000068019000 	C:\javaee\Java\jdk1.8.0_73\jre\bin\dt_socket.dll
0x00007ff818380000 - 0x00007ff818396000 	C:\Windows\system32\napinsp.dll
0x00007ff8188b0000 - 0x00007ff8188ca000 	C:\Windows\system32\pnrpnsp.dll
0x00007ff821b40000 - 0x00007ff821b58000 	C:\Windows\system32\NLAapi.dll
0x00007ff8239a0000 - 0x00007ff8239fc000 	C:\Windows\System32\mswsock.dll
0x00007ff822a90000 - 0x00007ff822b3a000 	C:\Windows\SYSTEM32\DNSAPI.dll
0x00007ff826e30000 - 0x00007ff826e38000 	C:\Windows\system32\NSI.dll
0x00007ff818900000 - 0x00007ff81890d000 	C:\Windows\System32\winrnr.dll
0x00007ff818fa0000 - 0x00007ff818fb5000 	C:\Windows\System32\wshbth.dll
0x000000006a780000 - 0x000000006a7a6000 	C:\Program Files\Bonjour\mdnsNSP.dll
0x00007ff81f2b0000 - 0x00007ff81f2e8000 	C:\Windows\SYSTEM32\Iphlpapi.DLL
0x00007ff81f150000 - 0x00007ff81f1b7000 	C:\Windows\System32\fwpuclnt.dll
0x00007ff823fa0000 - 0x00007ff823fc9000 	C:\Windows\SYSTEM32\bcrypt.dll
0x00007ff81d350000 - 0x00007ff81d35a000 	C:\Windows\System32\rasadhlp.dll
0x00007ff814470000 - 0x00007ff8145fc000 	C:\Windows\SYSTEM32\dbghelp.dll

VM Arguments:
jvm_args: -agentlib:jdwp=transport=dt_socket,suspend=y,address=localhost:54336 -Dfile.encoding=UTF-8 
java_command: hu.schonherz.java.training.main.Main
java_class_path (initial): C:\javaee\education\documentation\03_JavaAlapok\example2\bin
Launcher Type: SUN_STANDARD

Environment Variables:
JAVA_HOME=C:\javaee\Java\jdk1.8.0_73
PATH=C:\javaee\Java\jdk1.8.0_73\jre\bin;C:/javaee/Java/jre/bin/server;C:/javaee/Java/jre/bin;C:/javaee/Java/jre/lib/amd64;C:\ProgramData\Oracle\Java\javapath;C:\Windows\system32;C:\Windows;C:\Windows\System32\Wbem;C:\Windows\System32\WindowsPowerShell\v1.0\;C:\Program Files (x86)\ATI Technologies\ATI.ACE\Core-Static;C:\Program Files (x86)\Skype\Phone\;C:\javaee\0219\apache-maven-3.3.9\bin;C:\javaee\bin;C:\javaee\0219\eclipse;
USERNAME=magya
OS=Windows_NT
PROCESSOR_IDENTIFIER=Intel64 Family 6 Model 58 Stepping 9, GenuineIntel



---------------  S Y S T E M  ---------------

OS: Windows 10.0 , 64 bit Build 10586 (10.0.10586.0)

CPU:total 8 (4 cores per cpu, 2 threads per core) family 6 model 58 stepping 9, cmov, cx8, fxsr, mmx, sse, sse2, sse3, ssse3, sse4.1, sse4.2, popcnt, avx, aes, clmul, erms, ht, tsc, tscinvbit, tscinv

Memory: 4k page, physical 6181144k(3253424k free), swap 8212760k(3456816k free)

vm_info: Java HotSpot(TM) 64-Bit Server VM (25.73-b02) for windows-amd64 JRE (1.8.0_73-b02), built on Jan 29 2016 17:38:49 by "java_re" with MS VC++ 10.0 (VS2010)

time: Fri Feb 26 17:10:23 2016
elapsed time: 3266 seconds (0d 0h 54m 26s)

